<?xml version="1.0" encoding="UTF-8"?>
<!-- Generated by org.testng.reporters.JUnitReportReporter -->
<testsuite hostname="DESKTOP-GTR5LGA" failures="0" tests="3" name="com.restassured.testcases.RestCountriesTest" time="6.184" errors="0" timestamp="16 Mar 2021 11:05:06 GMT" skipped="0">
  <testcase classname="com.restassured.testcases.RestCountriesTest" name="getCountryDetailsTest" time="4.327"/>
  <testcase classname="com.restassured.testcases.RestCountriesTest" name="getCountryDetailsTest" time="0.940"/>
  <testcase classname="com.restassured.testcases.RestCountriesTest" name="getCountryDetailsTest" time="0.917"/>
</testsuite> <!-- com.restassured.testcases.RestCountriesTest -->
